<?xml version="1.0" encoding="UTF-8"?>
<testng-results total="2" passed="2" failed="0" skipped="0">
  <reporter-output>
  </reporter-output>
  <suite started-at="2021-12-13T21:12:55Z" name="GetAllPeopleTest" finished-at="2021-12-13T21:12:58Z" duration-ms="3202">
    <groups>
    </groups>
    <test started-at="2021-12-13T21:12:55Z" name="Command line test" finished-at="2021-12-13T21:12:58Z" duration-ms="3202">
      <class name="GetAllPeopleTest">
        <test-method signature="getAllPeopleNumberOfPeopleListCounterFieldTest()[pri:0, instance:GetAllPeopleTest@6ee12bac]" started-at="2021-12-13T22:12:55Z" name="getAllPeopleNumberOfPeopleListCounterFieldTest" finished-at="2021-12-13T22:12:58Z" duration-ms="2324" status="PASS">
          <reporter-output>
          </reporter-output>
        </test-method> <!-- getAllPeopleNumberOfPeopleListCounterFieldTest -->
        <test-method signature="getAllPeopleTest()[pri:0, instance:GetAllPeopleTest@6ee12bac]" started-at="2021-12-13T22:12:58Z" name="getAllPeopleTest" finished-at="2021-12-13T22:12:58Z" duration-ms="858" status="PASS">
          <reporter-output>
          </reporter-output>
        </test-method> <!-- getAllPeopleTest -->
      </class> <!-- GetAllPeopleTest -->
    </test> <!-- Command line test -->
  </suite> <!-- GetAllPeopleTest -->
</testng-results>
